<?xml version="1.0" encoding="UTF-8"?>
<testsuite xmlns:xsi="http://www.w3.org/2001/XMLSchema-instance" xsi:noNamespaceSchemaLocation="https://maven.apache.org/surefire/maven-surefire-plugin/xsd/surefire-test-report-3.0.xsd" version="3.0" name="com.junit.test.CalculatorTest" time="0.035" tests="6" errors="0" skipped="0" failures="0">
  <properties>
[...]
</properties>
  <testcase name="testMultiply" classname="com.junit.test.CalculatorTest" time="0.011"/>
  <testcase name="testMultiplyWithZero" classname="com.junit.test.CalculatorTest" time="0"/>
  <testcase name="testMultiplyWithZero" classname="com.junit.test.CalculatorTest" time="0.001"/>
  <testcase name="testMultiplyWithZero" classname="com.junit.test.CalculatorTest" time="0"/>
  <testcase name="testMultiplyWithZero" classname="com.junit.test.CalculatorTest" time="0.001"/>
  <testcase name="testMultiplyWithZero" classname="com.junit.test.CalculatorTest" time="0"/>
</testsuite>